<?xml version="1.0" encoding="UTF-8"?>
<testng-results ignored="0" total="6" passed="6" failed="0" skipped="0">
  <reporter-output>
  </reporter-output>
  <suite started-at="2024-11-22T15:39:30 IST" name="Default suite" finished-at="2024-11-22T15:40:19 IST" duration-ms="48993">
    <groups>
    </groups>
    <test started-at="2024-11-22T15:39:30 IST" name="Default test" finished-at="2024-11-22T15:40:19 IST" duration-ms="48993">
      <class name="ngen_dtd_Test_Method.Ngen_Dtd_Setup">
        <test-method is-config="true" signature="beforetest()[pri:0, instance:ngen_dtd_Test_Method.Ngen_Dtd_Setup@31190526]" started-at="2024-11-22T15:39:30 IST" name="beforetest" finished-at="2024-11-22T15:39:50 IST" duration-ms="19891" status="PASS">
          <reporter-output>
          </reporter-output>
        </test-method> <!-- beforetest -->
        <test-method signature="enter_userDetails()[pri:1, instance:ngen_dtd_Test_Method.Ngen_Dtd_Setup@31190526]" started-at="2024-11-22T15:39:50 IST" name="enter_userDetails" finished-at="2024-11-22T15:39:53 IST" duration-ms="2824" status="PASS">
          <reporter-output>
          </reporter-output>
        </test-method> <!-- enter_userDetails -->
        <test-method signature="B2B_Booking_Page()[pri:2, instance:ngen_dtd_Test_Method.Ngen_Dtd_Setup@31190526]" started-at="2024-11-22T15:39:53 IST" name="B2B_Booking_Page" finished-at="2024-11-22T15:39:59 IST" duration-ms="6485" status="PASS">
          <reporter-output>
          </reporter-output>
        </test-method> <!-- B2B_Booking_Page -->
        <test-method signature="enter_ShipperDetails()[pri:3, instance:ngen_dtd_Test_Method.Ngen_Dtd_Setup@31190526]" started-at="2024-11-22T15:39:59 IST" name="enter_ShipperDetails" finished-at="2024-11-22T15:40:03 IST" duration-ms="3746" status="PASS">
          <reporter-output>
          </reporter-output>
        </test-method> <!-- enter_ShipperDetails -->
        <test-method signature="enter_ConsigneeDetails()[pri:4, instance:ngen_dtd_Test_Method.Ngen_Dtd_Setup@31190526]" started-at="2024-11-22T15:40:03 IST" name="enter_ConsigneeDetails" finished-at="2024-11-22T15:40:09 IST" duration-ms="5592" status="PASS">
          <reporter-output>
          </reporter-output>
        </test-method> <!-- enter_ConsigneeDetails -->
        <test-method signature="Enter_Shipment_Information()[pri:5, instance:ngen_dtd_Test_Method.Ngen_Dtd_Setup@31190526]" started-at="2024-11-22T15:40:09 IST" name="Enter_Shipment_Information" finished-at="2024-11-22T15:40:16 IST" duration-ms="7410" status="PASS">
          <reporter-output>
          </reporter-output>
        </test-method> <!-- Enter_Shipment_Information -->
        <test-method signature="Select_Additional_Services()[pri:6, instance:ngen_dtd_Test_Method.Ngen_Dtd_Setup@31190526]" started-at="2024-11-22T15:40:16 IST" name="Select_Additional_Services" finished-at="2024-11-22T15:40:19 IST" duration-ms="2937" status="PASS">
          <reporter-output>
          </reporter-output>
        </test-method> <!-- Select_Additional_Services -->
      </class> <!-- ngen_dtd_Test_Method.Ngen_Dtd_Setup -->
    </test> <!-- Default test -->
  </suite> <!-- Default suite -->
</testng-results>
